{
  "stats": {
    "suites": 1,
    "tests": 1,
    "passes": 1,
    "pending": 0,
    "failures": 0,
    "start": "2020-01-08T12:40:02.097Z",
    "end": "2020-01-08T12:40:14.653Z",
    "duration": 12556,
    "testsRegistered": 1,
    "passPercent": 100,
    "pendingPercent": 0,
    "other": 0,
    "hasOther": false,
    "skipped": 0,
    "hasSkipped": false
  },
  "results": [
    {
      "uuid": "57378d24-2344-41bb-b69f-6b0768175c76",
      "title": "",
      "fullFile": "",
      "file": "",
      "beforeHooks": [],
      "afterHooks": [],
      "tests": [],
      "suites": [
        {
          "uuid": "1f02108b-0911-4212-ab28-00f6382fc835",
          "title": "My First Test",
          "fullFile": "",
          "file": "",
          "beforeHooks": [],
          "afterHooks": [],
          "tests": [
            {
              "title": "Do something nice!",
              "fullTitle": "My First Test Do something nice!",
              "timedOut": null,
              "duration": 8373,
              "state": "passed",
              "speed": "slow",
              "pass": true,
              "fail": false,
              "pending": false,
              "context": null,
              "code": "cy.visit(\"https://rahulshettyacademy.com/AutomationPractice/\"); //Managing web table:\ncy.get('tr td:nth-child(2)').each(function ($el, indext, $list) {\n  var text = $el.text();\n  if (text.includes('Python')) {\n    cy.get('tr td:nth-child(2)').eq(indext).next().then(function (price) {\n      var priceText = price.text();\n      expect(priceText).to.equal('25');\n    });\n  }\n}); //fixture",
              "err": {},
              "uuid": "33032a03-ff5b-4e8a-b7a4-68822ec3dff7",
              "parentUUID": "1f02108b-0911-4212-ab28-00f6382fc835",
              "isHook": false,
              "skipped": false
            }
          ],
          "suites": [],
          "passes": [
            "33032a03-ff5b-4e8a-b7a4-68822ec3dff7"
          ],
          "failures": [],
          "pending": [],
          "skipped": [],
          "duration": 8373,
          "root": false,
          "rootEmpty": false,
          "_timeout": 2000
        }
      ],
      "passes": [],
      "failures": [],
      "pending": [],
      "skipped": [],
      "duration": 0,
      "root": true,
      "rootEmpty": true,
      "_timeout": 2000
    }
  ],
  "meta": {
    "mocha": {
      "version": "5.2.0"
    },
    "mochawesome": {
      "options": {
        "quiet": false,
        "reportFilename": "mochawesome",
        "saveHtml": true,
        "saveJson": true,
        "consoleReporter": "spec",
        "useInlineDiffs": false
      },
      "version": "4.1.0"
    },
    "marge": {
      "options": {},
      "version": "4.1.0"
    }
  }
}