{
  "stats": {
    "suites": 1,
    "tests": 1,
    "passes": 1,
    "pending": 0,
    "failures": 0,
    "start": "2020-04-19T17:19:05.821Z",
    "end": "2020-04-19T17:19:20.905Z",
    "duration": 15084,
    "testsRegistered": 1,
    "passPercent": 100,
    "pendingPercent": 0,
    "other": 0,
    "hasOther": false,
    "skipped": 0,
    "hasSkipped": false
  },
  "results": [
    {
      "uuid": "c4695227-c823-40db-ae6e-6eeef537284f",
      "title": "",
      "fullFile": "cypress\\integration\\examples\\WebTable.js",
      "file": "cypress\\integration\\examples\\WebTable.js",
      "beforeHooks": [],
      "afterHooks": [],
      "tests": [],
      "suites": [
        {
          "uuid": "dd2f2e7b-1c6e-4cca-ab38-cf6aac95fe7a",
          "title": "My First Test",
          "fullFile": "",
          "file": "",
          "beforeHooks": [],
          "afterHooks": [],
          "tests": [
            {
              "title": "Do something nice!",
              "fullTitle": "My First Test Do something nice!",
              "timedOut": null,
              "duration": 10632,
              "state": "passed",
              "speed": "slow",
              "pass": true,
              "fail": false,
              "pending": false,
              "context": null,
              "code": "cy.visit(\"https://rahulshettyacademy.com/AutomationPractice/\"); //Managing web table:\ncy.get('tr td:nth-child(2)').each(function ($el, indext, $list) {\n  var text = $el.text();\n  if (text.includes('Python')) {\n    cy.get('tr td:nth-child(2)').eq(indext).next().then(function (price) {\n      var priceText = price.text();\n      expect(priceText).to.equal('25');\n    });\n  }\n}); //fixture",
              "err": {},
              "uuid": "f6043f5a-2051-46df-90bd-f5755aace58e",
              "parentUUID": "dd2f2e7b-1c6e-4cca-ab38-cf6aac95fe7a",
              "isHook": false,
              "skipped": false
            }
          ],
          "suites": [],
          "passes": [
            "f6043f5a-2051-46df-90bd-f5755aace58e"
          ],
          "failures": [],
          "pending": [],
          "skipped": [],
          "duration": 10632,
          "root": false,
          "rootEmpty": false,
          "_timeout": 2000
        }
      ],
      "passes": [],
      "failures": [],
      "pending": [],
      "skipped": [],
      "duration": 0,
      "root": true,
      "rootEmpty": true,
      "_timeout": 2000
    }
  ],
  "meta": {
    "mocha": {
      "version": "5.2.0"
    },
    "mochawesome": {
      "options": {
        "quiet": false,
        "reportFilename": "mochawesome",
        "saveHtml": true,
        "saveJson": true,
        "consoleReporter": "spec",
        "useInlineDiffs": false
      },
      "version": "4.1.0"
    },
    "marge": {
      "options": {},
      "version": "4.1.0"
    }
  }
}