{
  "stats": {
    "suites": 1,
    "tests": 1,
    "passes": 1,
    "pending": 0,
    "failures": 0,
    "start": "2020-04-22T01:09:38.248Z",
    "end": "2020-04-22T01:09:50.805Z",
    "duration": 12557,
    "testsRegistered": 1,
    "passPercent": 100,
    "pendingPercent": 0,
    "other": 0,
    "hasOther": false,
    "skipped": 0,
    "hasSkipped": false
  },
  "results": [
    {
      "uuid": "a7b663e5-2a9b-43cb-83c8-76b7023a73c2",
      "title": "",
      "fullFile": "cypress\\integration\\examples\\WebTable.js",
      "file": "cypress\\integration\\examples\\WebTable.js",
      "beforeHooks": [],
      "afterHooks": [],
      "tests": [],
      "suites": [
        {
          "uuid": "6d6fbe1e-8224-47dc-930f-4921d8758870",
          "title": "My First Test",
          "fullFile": "",
          "file": "",
          "beforeHooks": [],
          "afterHooks": [],
          "tests": [
            {
              "title": "Do something nice!",
              "fullTitle": "My First Test Do something nice!",
              "timedOut": null,
              "duration": 8779,
              "state": "passed",
              "speed": "slow",
              "pass": true,
              "fail": false,
              "pending": false,
              "context": null,
              "code": "cy.visit(\"https://rahulshettyacademy.com/AutomationPractice/\"); //Managing web table:\ncy.get('tr td:nth-child(2)').each(function ($el, indext, $list) {\n  var text = $el.text();\n  if (text.includes('Python')) {\n    cy.get('tr td:nth-child(2)').eq(indext).next().then(function (price) {\n      var priceText = price.text();\n      expect(priceText).to.equal('25');\n    });\n  }\n}); //fixture",
              "err": {},
              "uuid": "f276ac50-5b0f-49f0-9294-66d31cd865d2",
              "parentUUID": "6d6fbe1e-8224-47dc-930f-4921d8758870",
              "isHook": false,
              "skipped": false
            }
          ],
          "suites": [],
          "passes": [
            "f276ac50-5b0f-49f0-9294-66d31cd865d2"
          ],
          "failures": [],
          "pending": [],
          "skipped": [],
          "duration": 8779,
          "root": false,
          "rootEmpty": false,
          "_timeout": 2000
        }
      ],
      "passes": [],
      "failures": [],
      "pending": [],
      "skipped": [],
      "duration": 0,
      "root": true,
      "rootEmpty": true,
      "_timeout": 2000
    }
  ],
  "meta": {
    "mocha": {
      "version": "5.2.0"
    },
    "mochawesome": {
      "options": {
        "quiet": false,
        "reportFilename": "mochawesome",
        "saveHtml": true,
        "saveJson": true,
        "consoleReporter": "spec",
        "useInlineDiffs": false
      },
      "version": "4.1.0"
    },
    "marge": {
      "options": {
        "reporterEnabled": "mochawesome",
        "mochawesomeReporterOptions": {
          "reportDir": "cypress/reports/mocha",
          "quite": true,
          "overwrite": false,
          "html": false,
          "json": true
        }
      },
      "version": "4.1.0"
    }
  }
}